2025-03-26 21:14:44.906 [info] [main] Log level: Info
2025-03-26 21:14:44.907 [info] [main] Validating found git in: "git"
2025-03-26 21:14:44.907 [info] [main] Using git "2.39.5" from "git"
2025-03-26 21:14:44.907 [info] [Model][doInitialScan] Initial repository scan started
2025-03-26 21:14:44.907 [info] > git rev-parse --show-toplevel [3ms]
2025-03-26 21:14:44.907 [info] > git rev-parse --git-dir --git-common-dir [41ms]
2025-03-26 21:14:44.907 [info] [Model][openRepository] Opened repository: /home/jefftheitguy
2025-03-26 21:14:44.921 [info] > git config --get commit.template [9ms]
2025-03-26 21:14:44.923 [info] > git rev-parse --show-toplevel [7ms]
2025-03-26 21:14:44.927 [info] > git for-each-ref --format=%(refname)%00%(upstream:short)%00%(objectname)%00%(upstream:track)%00%(upstream:remotename)%00%(upstream:remoteref) refs/heads/dev refs/remotes/dev [8ms]
2025-03-26 21:14:44.979 [info] > git rev-parse --show-toplevel [53ms]
2025-03-26 21:14:44.992 [info] > git for-each-ref --sort -committerdate --format %(refname) %(objectname) %(*objectname) [56ms]
2025-03-26 21:14:44.995 [info] > git rev-parse --show-toplevel [3ms]
2025-03-26 21:14:45.019 [info] > git rev-parse --show-toplevel [21ms]
2025-03-26 21:14:45.026 [info] > git rev-parse --show-toplevel [4ms]
2025-03-26 21:14:45.032 [info] > git rev-parse --show-toplevel [3ms]
2025-03-26 21:14:45.039 [info] > git rev-parse --show-toplevel [4ms]
2025-03-26 21:14:45.044 [info] > git rev-parse --show-toplevel [3ms]
2025-03-26 21:14:45.051 [info] > git rev-parse --show-toplevel [3ms]
2025-03-26 21:14:45.055 [info] [Model][doInitialScan] Initial repository scan completed - repositories (1), closed repositories (0), parent repositories (0), unsafe repositories (0)
2025-03-26 21:14:45.205 [info] > git status -z -uall [273ms]
2025-03-26 21:14:45.282 [info] > git for-each-ref --format=%(refname)%00%(upstream:short)%00%(objectname)%00%(upstream:track)%00%(upstream:remotename)%00%(upstream:remoteref) refs/heads/dev refs/remotes/dev [7ms]
2025-03-26 21:14:45.288 [info] > git config --get commit.template [8ms]
2025-03-26 21:14:45.298 [info] > git config --get --local branch.dev.vscode-merge-base [12ms]
2025-03-26 21:14:45.304 [info] > git for-each-ref --format=%(refname)%00%(upstream:short)%00%(objectname)%00%(upstream:track)%00%(upstream:remotename)%00%(upstream:remoteref) refs/heads/dev refs/remotes/dev [11ms]
2025-03-26 21:14:45.317 [info] > git for-each-ref --format=%(refname)%00%(upstream:short)%00%(objectname)%00%(upstream:track)%00%(upstream:remotename)%00%(upstream:remoteref) refs/heads/origin/main refs/remotes/origin/main [15ms]
2025-03-26 21:14:45.682 [info] > git status -z -uall [374ms]
2025-03-26 21:14:45.686 [info] > git for-each-ref --sort -committerdate --format %(refname) %(objectname) %(*objectname) [375ms]
2025-03-26 21:14:45.733 [info] > git check-ignore -v -z --stdin [22ms]
2025-03-26 21:14:47.827 [info] > git config --get commit.template [4ms]
2025-03-26 21:14:47.830 [info] > git for-each-ref --format=%(refname)%00%(upstream:short)%00%(objectname)%00%(upstream:track)%00%(upstream:remotename)%00%(upstream:remoteref) refs/heads/dev refs/remotes/dev [4ms]
2025-03-26 21:14:47.845 [info] > git for-each-ref --sort -committerdate --format %(refname) %(objectname) %(*objectname) [9ms]
2025-03-26 21:14:48.096 [info] > git status -z -uall [262ms]
2025-03-26 21:14:53.153 [info] > git config --get commit.template [6ms]
2025-03-26 21:14:53.158 [info] > git for-each-ref --format=%(refname)%00%(upstream:short)%00%(objectname)%00%(upstream:track)%00%(upstream:remotename)%00%(upstream:remoteref) refs/heads/dev refs/remotes/dev [6ms]
2025-03-26 21:14:53.173 [info] > git for-each-ref --sort -committerdate --format %(refname) %(objectname) %(*objectname) [7ms]
2025-03-26 21:14:53.438 [info] > git status -z -uall [276ms]
2025-03-26 21:14:58.492 [info] > git config --get commit.template [6ms]
2025-03-26 21:14:58.496 [info] > git for-each-ref --format=%(refname)%00%(upstream:short)%00%(objectname)%00%(upstream:track)%00%(upstream:remotename)%00%(upstream:remoteref) refs/heads/dev refs/remotes/dev [7ms]
2025-03-26 21:14:58.522 [info] > git for-each-ref --sort -committerdate --format %(refname) %(objectname) %(*objectname) [15ms]
2025-03-26 21:14:58.747 [info] > git status -z -uall [246ms]
2025-03-26 21:15:03.785 [info] > git config --get commit.template [5ms]
2025-03-26 21:15:03.788 [info] > git for-each-ref --format=%(refname)%00%(upstream:short)%00%(objectname)%00%(upstream:track)%00%(upstream:remotename)%00%(upstream:remoteref) refs/heads/dev refs/remotes/dev [4ms]
2025-03-26 21:15:03.806 [info] > git for-each-ref --sort -committerdate --format %(refname) %(objectname) %(*objectname) [9ms]
2025-03-26 21:15:04.052 [info] > git status -z -uall [259ms]
